<?xml version="1.0" encoding="UTF-8"?>
<!-- Generated by org.testng.reporters.JUnitXMLReporter -->
<testsuite ignored="0" hostname="DESKTOP-UVU5C3P" failures="0" tests="3" name="Default test" time="20.283" errors="0" timestamp="2023-11-08T21:33:14 EST">
  <testcase classname="com.tutorialsninja_Nov04_TestCase.SearchProduct_Dummy_Test" name="verifySearchWithValidProduct" time="0.849"/>
  <testcase classname="com.tutorialsninja_Nov04_TestCase.SearchProduct_Dummy_Test" name="verifySearchWithInvalidProduct" time="0.659"/>
  <testcase classname="com.tutorialsninja_Nov04_TestCase.SearchProduct_Dummy_Test" name="verifySearchWithNoProduct" time="0.525"/>
</testsuite> <!-- Default test -->
