<?xml version="1.0" encoding="UTF-8"?>
<testng-results ignored="0" total="11" passed="10" failed="1" skipped="0">
  <reporter-output>
  </reporter-output>
  <suite started-at="2023-11-08T23:33:35 EST" name="Suite" finished-at="2023-11-08T23:35:03 EST" duration-ms="87849">
    <groups>
    </groups>
    <test started-at="2023-11-08T23:33:35 EST" name="Test" finished-at="2023-11-08T23:35:03 EST" duration-ms="87849">
      <class name="com.tutorialsninja_Nov04_TestCase.SearchProduct_Dummy_Test">
        <test-method is-config="true" signature="registerSetup()[pri:0, instance:com.tutorialsninja_Nov04_TestCase.SearchProduct_Dummy_Test@6989da5e]" started-at="2023-11-08T23:34:43 EST" name="registerSetup" finished-at="2023-11-08T23:34:48 EST" duration-ms="5619" status="PASS">
          <reporter-output>
          </reporter-output>
        </test-method> <!-- registerSetup -->
        <test-method signature="verifySearchWithValidProduct()[pri:1, instance:com.tutorialsninja_Nov04_TestCase.SearchProduct_Dummy_Test@6989da5e]" started-at="2023-11-08T23:34:48 EST" name="verifySearchWithValidProduct" finished-at="2023-11-08T23:34:49 EST" duration-ms="895" status="PASS">
          <reporter-output>
          </reporter-output>
        </test-method> <!-- verifySearchWithValidProduct -->
        <test-method is-config="true" signature="tearDown()[pri:0, instance:com.tutorialsninja_Nov04_TestCase.SearchProduct_Dummy_Test@6989da5e]" started-at="2023-11-08T23:34:49 EST" name="tearDown" finished-at="2023-11-08T23:34:49 EST" duration-ms="254" status="PASS">
          <reporter-output>
          </reporter-output>
        </test-method> <!-- tearDown -->
        <test-method is-config="true" signature="registerSetup()[pri:0, instance:com.tutorialsninja_Nov04_TestCase.SearchProduct_Dummy_Test@6989da5e]" started-at="2023-11-08T23:34:49 EST" name="registerSetup" finished-at="2023-11-08T23:34:55 EST" duration-ms="5505" status="PASS">
          <reporter-output>
          </reporter-output>
        </test-method> <!-- registerSetup -->
        <test-method signature="verifySearchWithInvalidProduct()[pri:2, instance:com.tutorialsninja_Nov04_TestCase.SearchProduct_Dummy_Test@6989da5e]" started-at="2023-11-08T23:34:55 EST" name="verifySearchWithInvalidProduct" finished-at="2023-11-08T23:34:56 EST" duration-ms="776" status="PASS">
          <reporter-output>
          </reporter-output>
        </test-method> <!-- verifySearchWithInvalidProduct -->
        <test-method is-config="true" signature="tearDown()[pri:0, instance:com.tutorialsninja_Nov04_TestCase.SearchProduct_Dummy_Test@6989da5e]" started-at="2023-11-08T23:34:56 EST" name="tearDown" finished-at="2023-11-08T23:34:56 EST" duration-ms="240" status="PASS">
          <reporter-output>
          </reporter-output>
        </test-method> <!-- tearDown -->
        <test-method is-config="true" signature="registerSetup()[pri:0, instance:com.tutorialsninja_Nov04_TestCase.SearchProduct_Dummy_Test@6989da5e]" started-at="2023-11-08T23:34:56 EST" name="registerSetup" finished-at="2023-11-08T23:35:02 EST" duration-ms="5678" status="PASS">
          <reporter-output>
          </reporter-output>
        </test-method> <!-- registerSetup -->
        <test-method signature="verifySearchWithNoProduct()[pri:3, instance:com.tutorialsninja_Nov04_TestCase.SearchProduct_Dummy_Test@6989da5e]" started-at="2023-11-08T23:35:02 EST" name="verifySearchWithNoProduct" finished-at="2023-11-08T23:35:02 EST" duration-ms="630" status="PASS">
          <reporter-output>
          </reporter-output>
        </test-method> <!-- verifySearchWithNoProduct -->
        <test-method is-config="true" signature="tearDown()[pri:0, instance:com.tutorialsninja_Nov04_TestCase.SearchProduct_Dummy_Test@6989da5e]" started-at="2023-11-08T23:35:02 EST" name="tearDown" finished-at="2023-11-08T23:35:03 EST" duration-ms="328" status="PASS">
          <reporter-output>
          </reporter-output>
        </test-method> <!-- tearDown -->
      </class> <!-- com.tutorialsninja_Nov04_TestCase.SearchProduct_Dummy_Test -->
      <class name="com.tutorialsninja_Nov04_TestCase.RegisterTest_Dummy">
        <test-method is-config="true" signature="registerSetup()[pri:0, instance:com.tutorialsninja_Nov04_TestCase.RegisterTest_Dummy@6b2ea799]" started-at="2023-11-08T23:33:35 EST" name="registerSetup" finished-at="2023-11-08T23:33:44 EST" duration-ms="9177" status="PASS">
          <reporter-output>
          </reporter-output>
        </test-method> <!-- registerSetup -->
        <test-method signature="verifyingRegisterWithMandatoryFields()[pri:1, instance:com.tutorialsninja_Nov04_TestCase.RegisterTest_Dummy@6b2ea799]" started-at="2023-11-08T23:33:44 EST" name="verifyingRegisterWithMandatoryFields" finished-at="2023-11-08T23:33:46 EST" duration-ms="2048" status="PASS">
          <reporter-output>
          </reporter-output>
        </test-method> <!-- verifyingRegisterWithMandatoryFields -->
        <test-method is-config="true" signature="tearDown()[pri:0, instance:com.tutorialsninja_Nov04_TestCase.RegisterTest_Dummy@6b2ea799]" started-at="2023-11-08T23:33:46 EST" name="tearDown" finished-at="2023-11-08T23:33:46 EST" duration-ms="312" status="PASS">
          <reporter-output>
          </reporter-output>
        </test-method> <!-- tearDown -->
        <test-method is-config="true" signature="registerSetup()[pri:0, instance:com.tutorialsninja_Nov04_TestCase.RegisterTest_Dummy@6b2ea799]" started-at="2023-11-08T23:33:46 EST" name="registerSetup" finished-at="2023-11-08T23:33:53 EST" duration-ms="6415" status="PASS">
          <reporter-output>
          </reporter-output>
        </test-method> <!-- registerSetup -->
        <test-method signature="verifyingRegisterWithAllFields()[pri:2, instance:com.tutorialsninja_Nov04_TestCase.RegisterTest_Dummy@6b2ea799]" started-at="2023-11-08T23:33:53 EST" name="verifyingRegisterWithAllFields" finished-at="2023-11-08T23:33:56 EST" duration-ms="3515" status="FAIL">
          <exception class="org.openqa.selenium.NoSuchElementException">
            <message>
              <![CDATA[no such element: Unable to locate element: {"method":"xpath","selector":"//p[text() = 'Congratulations! Your new account has been successfully created!']"}
  (Session info: chrome=119.0.6045.123)
For documentation on this error, please visit: https://www.selenium.dev/documentation/webdriver/troubleshooting/errors#no-such-element-exception
Build info: version: '4.12.1', revision: '8e34639b11'
System info: os.name: 'Windows 10', os.arch: 'amd64', os.version: '10.0', java.version: '17.0.8'
Driver info: org.openqa.selenium.chrome.ChromeDriver
Command: [8369b040ddd9e24eeaf97a0c3a191b13, findElement {using=xpath, value=//p[text() = 'Congratulations! Your new account has been successfully created!']}]
Capabilities {acceptInsecureCerts: false, browserName: chrome, browserVersion: 119.0.6045.123, chrome: {chromedriverVersion: 119.0.6045.105 (38c72552c5e..., userDataDir: C:\Users\shahr\AppData\Loca...}, fedcm:accounts: true, goog:chromeOptions: {debuggerAddress: localhost:52719}, networkConnectionEnabled: false, pageLoadStrategy: normal, platformName: windows, proxy: Proxy(), se:cdp: ws://localhost:52719/devtoo..., se:cdpVersion: 119.0.6045.123, setWindowRect: true, strictFileInteractability: false, timeouts: {implicit: 0, pageLoad: 300000, script: 30000}, unhandledPromptBehavior: dismiss and notify, webauthn:extension:credBlob: true, webauthn:extension:largeBlob: true, webauthn:extension:minPinLength: true, webauthn:extension:prf: true, webauthn:virtualAuthenticators: true}
Session ID: 8369b040ddd9e24eeaf97a0c3a191b13]]>
            </message>
            <full-stacktrace>
              <![CDATA[org.openqa.selenium.NoSuchElementException: no such element: Unable to locate element: {"method":"xpath","selector":"//p[text() = 'Congratulations! Your new account has been successfully created!']"}
  (Session info: chrome=119.0.6045.123)
For documentation on this error, please visit: https://www.selenium.dev/documentation/webdriver/troubleshooting/errors#no-such-element-exception
Build info: version: '4.12.1', revision: '8e34639b11'
System info: os.name: 'Windows 10', os.arch: 'amd64', os.version: '10.0', java.version: '17.0.8'
Driver info: org.openqa.selenium.chrome.ChromeDriver
Command: [8369b040ddd9e24eeaf97a0c3a191b13, findElement {using=xpath, value=//p[text() = 'Congratulations! Your new account has been successfully created!']}]
Capabilities {acceptInsecureCerts: false, browserName: chrome, browserVersion: 119.0.6045.123, chrome: {chromedriverVersion: 119.0.6045.105 (38c72552c5e..., userDataDir: C:\Users\shahr\AppData\Loca...}, fedcm:accounts: true, goog:chromeOptions: {debuggerAddress: localhost:52719}, networkConnectionEnabled: false, pageLoadStrategy: normal, platformName: windows, proxy: Proxy(), se:cdp: ws://localhost:52719/devtoo..., se:cdpVersion: 119.0.6045.123, setWindowRect: true, strictFileInteractability: false, timeouts: {implicit: 0, pageLoad: 300000, script: 30000}, unhandledPromptBehavior: dismiss and notify, webauthn:extension:credBlob: true, webauthn:extension:largeBlob: true, webauthn:extension:minPinLength: true, webauthn:extension:prf: true, webauthn:virtualAuthenticators: true}
Session ID: 8369b040ddd9e24eeaf97a0c3a191b13
at java.base/jdk.internal.reflect.NativeConstructorAccessorImpl.newInstance0(Native Method)
at java.base/jdk.internal.reflect.NativeConstructorAccessorImpl.newInstance(NativeConstructorAccessorImpl.java:77)
at java.base/jdk.internal.reflect.DelegatingConstructorAccessorImpl.newInstance(DelegatingConstructorAccessorImpl.java:45)
at java.base/java.lang.reflect.Constructor.newInstanceWithCaller(Constructor.java:499)
at java.base/java.lang.reflect.Constructor.newInstance(Constructor.java:480)
at org.openqa.selenium.remote.codec.w3c.W3CHttpResponseCodec.createException(W3CHttpResponseCodec.java:200)
at org.openqa.selenium.remote.codec.w3c.W3CHttpResponseCodec.decode(W3CHttpResponseCodec.java:133)
at org.openqa.selenium.remote.codec.w3c.W3CHttpResponseCodec.decode(W3CHttpResponseCodec.java:52)
at org.openqa.selenium.remote.HttpCommandExecutor.execute(HttpCommandExecutor.java:191)
at org.openqa.selenium.remote.service.DriverCommandExecutor.invokeExecute(DriverCommandExecutor.java:196)
at org.openqa.selenium.remote.service.DriverCommandExecutor.execute(DriverCommandExecutor.java:171)
at org.openqa.selenium.remote.RemoteWebDriver.execute(RemoteWebDriver.java:602)
at org.openqa.selenium.remote.ElementLocation$ElementFinder$2.findElement(ElementLocation.java:165)
at org.openqa.selenium.remote.ElementLocation.findElement(ElementLocation.java:59)
at org.openqa.selenium.remote.RemoteWebDriver.findElement(RemoteWebDriver.java:359)
at org.openqa.selenium.remote.RemoteWebDriver.findElement(RemoteWebDriver.java:353)
at com.tutorialsninja_Nov04_TestCase.RegisterTest_Dummy.verifyingRegisterWithAllFields(RegisterTest_Dummy.java:59)
at java.base/jdk.internal.reflect.NativeMethodAccessorImpl.invoke0(Native Method)
at java.base/jdk.internal.reflect.NativeMethodAccessorImpl.invoke(NativeMethodAccessorImpl.java:77)
at java.base/jdk.internal.reflect.DelegatingMethodAccessorImpl.invoke(DelegatingMethodAccessorImpl.java:43)
at java.base/java.lang.reflect.Method.invoke(Method.java:568)
at org.testng.internal.invokers.MethodInvocationHelper.invokeMethod(MethodInvocationHelper.java:139)
at org.testng.internal.invokers.TestInvoker.invokeMethod(TestInvoker.java:664)
at org.testng.internal.invokers.TestInvoker.invokeTestMethod(TestInvoker.java:227)
at org.testng.internal.invokers.MethodRunner.runInSequence(MethodRunner.java:50)
at org.testng.internal.invokers.TestInvoker$MethodInvocationAgent.invoke(TestInvoker.java:957)
at org.testng.internal.invokers.TestInvoker.invokeTestMethods(TestInvoker.java:200)
at org.testng.internal.invokers.TestMethodWorker.invokeTestMethods(TestMethodWorker.java:148)
at org.testng.internal.invokers.TestMethodWorker.run(TestMethodWorker.java:128)
at java.base/java.util.ArrayList.forEach(ArrayList.java:1511)
at org.testng.TestRunner.privateRun(TestRunner.java:848)
at org.testng.TestRunner.run(TestRunner.java:621)
at org.testng.SuiteRunner.runTest(SuiteRunner.java:443)
at org.testng.SuiteRunner.runSequentially(SuiteRunner.java:437)
at org.testng.SuiteRunner.privateRun(SuiteRunner.java:397)
at org.testng.SuiteRunner.run(SuiteRunner.java:336)
at org.testng.SuiteRunnerWorker.runSuite(SuiteRunnerWorker.java:52)
at org.testng.SuiteRunnerWorker.run(SuiteRunnerWorker.java:95)
at org.testng.TestNG.runSuitesSequentially(TestNG.java:1280)
at org.testng.TestNG.runSuitesLocally(TestNG.java:1200)
at org.testng.TestNG.runSuites(TestNG.java:1114)
at org.testng.TestNG.run(TestNG.java:1082)
at org.testng.remote.AbstractRemoteTestNG.run(AbstractRemoteTestNG.java:115)
at org.testng.remote.RemoteTestNG.initAndRun(RemoteTestNG.java:251)
at org.testng.remote.RemoteTestNG.main(RemoteTestNG.java:77)
]]>
            </full-stacktrace>
          </exception> <!-- org.openqa.selenium.NoSuchElementException -->
          <reporter-output>
          </reporter-output>
        </test-method> <!-- verifyingRegisterWithAllFields -->
        <test-method is-config="true" signature="tearDown()[pri:0, instance:com.tutorialsninja_Nov04_TestCase.RegisterTest_Dummy@6b2ea799]" started-at="2023-11-08T23:33:56 EST" name="tearDown" finished-at="2023-11-08T23:33:57 EST" duration-ms="245" status="PASS">
          <reporter-output>
          </reporter-output>
        </test-method> <!-- tearDown -->
        <test-method is-config="true" signature="registerSetup()[pri:0, instance:com.tutorialsninja_Nov04_TestCase.RegisterTest_Dummy@6b2ea799]" started-at="2023-11-08T23:33:57 EST" name="registerSetup" finished-at="2023-11-08T23:34:03 EST" duration-ms="6480" status="PASS">
          <reporter-output>
          </reporter-output>
        </test-method> <!-- registerSetup -->
        <test-method signature="verifyingRegisterWithExistingEmail()[pri:3, instance:com.tutorialsninja_Nov04_TestCase.RegisterTest_Dummy@6b2ea799]" started-at="2023-11-08T23:34:03 EST" name="verifyingRegisterWithExistingEmail" finished-at="2023-11-08T23:34:04 EST" duration-ms="1429" status="PASS">
          <reporter-output>
          </reporter-output>
        </test-method> <!-- verifyingRegisterWithExistingEmail -->
        <test-method is-config="true" signature="tearDown()[pri:0, instance:com.tutorialsninja_Nov04_TestCase.RegisterTest_Dummy@6b2ea799]" started-at="2023-11-08T23:34:04 EST" name="tearDown" finished-at="2023-11-08T23:34:05 EST" duration-ms="230" status="PASS">
          <reporter-output>
          </reporter-output>
        </test-method> <!-- tearDown -->
        <test-method is-config="true" signature="registerSetup()[pri:0, instance:com.tutorialsninja_Nov04_TestCase.RegisterTest_Dummy@6b2ea799]" started-at="2023-11-08T23:34:05 EST" name="registerSetup" finished-at="2023-11-08T23:34:12 EST" duration-ms="6991" status="PASS">
          <reporter-output>
          </reporter-output>
        </test-method> <!-- registerSetup -->
        <test-method signature="verifyingRegisterWithNoFields()[pri:4, instance:com.tutorialsninja_Nov04_TestCase.RegisterTest_Dummy@6b2ea799]" started-at="2023-11-08T23:34:12 EST" name="verifyingRegisterWithNoFields" finished-at="2023-11-08T23:34:13 EST" duration-ms="903" status="PASS">
          <reporter-output>
          </reporter-output>
        </test-method> <!-- verifyingRegisterWithNoFields -->
        <test-method is-config="true" signature="tearDown()[pri:0, instance:com.tutorialsninja_Nov04_TestCase.RegisterTest_Dummy@6b2ea799]" started-at="2023-11-08T23:34:13 EST" name="tearDown" finished-at="2023-11-08T23:34:13 EST" duration-ms="237" status="PASS">
          <reporter-output>
          </reporter-output>
        </test-method> <!-- tearDown -->
      </class> <!-- com.tutorialsninja_Nov04_TestCase.RegisterTest_Dummy -->
      <class name="com.tutorialsninja_Nov04_TestCase.LoginTest_Dummy">
        <test-method is-config="true" signature="loginSetup()[pri:0, instance:com.tutorialsninja_Nov04_TestCase.LoginTest_Dummy@5aa9e4eb]" started-at="2023-11-08T23:34:13 EST" name="loginSetup" finished-at="2023-11-08T23:34:19 EST" duration-ms="5885" status="PASS">
          <reporter-output>
          </reporter-output>
        </test-method> <!-- loginSetup -->
        <test-method signature="verifyLoginWithValidCredentials()[pri:1, instance:com.tutorialsninja_Nov04_TestCase.LoginTest_Dummy@5aa9e4eb]" started-at="2023-11-08T23:34:19 EST" name="verifyLoginWithValidCredentials" finished-at="2023-11-08T23:34:20 EST" duration-ms="1385" status="PASS">
          <reporter-output>
          </reporter-output>
        </test-method> <!-- verifyLoginWithValidCredentials -->
        <test-method is-config="true" signature="closeBrowser()[pri:0, instance:com.tutorialsninja_Nov04_TestCase.LoginTest_Dummy@5aa9e4eb]" started-at="2023-11-08T23:34:20 EST" name="closeBrowser" finished-at="2023-11-08T23:34:20 EST" duration-ms="256" status="PASS">
          <reporter-output>
          </reporter-output>
        </test-method> <!-- closeBrowser -->
        <test-method is-config="true" signature="loginSetup()[pri:0, instance:com.tutorialsninja_Nov04_TestCase.LoginTest_Dummy@5aa9e4eb]" started-at="2023-11-08T23:34:20 EST" name="loginSetup" finished-at="2023-11-08T23:34:27 EST" duration-ms="6178" status="PASS">
          <reporter-output>
          </reporter-output>
        </test-method> <!-- loginSetup -->
        <test-method signature="verifyLoginWithInValidCredentials()[pri:2, instance:com.tutorialsninja_Nov04_TestCase.LoginTest_Dummy@5aa9e4eb]" started-at="2023-11-08T23:34:27 EST" name="verifyLoginWithInValidCredentials" finished-at="2023-11-08T23:34:27 EST" duration-ms="931" status="PASS">
          <reporter-output>
          </reporter-output>
        </test-method> <!-- verifyLoginWithInValidCredentials -->
        <test-method is-config="true" signature="closeBrowser()[pri:0, instance:com.tutorialsninja_Nov04_TestCase.LoginTest_Dummy@5aa9e4eb]" started-at="2023-11-08T23:34:27 EST" name="closeBrowser" finished-at="2023-11-08T23:34:28 EST" duration-ms="253" status="PASS">
          <reporter-output>
          </reporter-output>
        </test-method> <!-- closeBrowser -->
        <test-method is-config="true" signature="loginSetup()[pri:0, instance:com.tutorialsninja_Nov04_TestCase.LoginTest_Dummy@5aa9e4eb]" started-at="2023-11-08T23:34:28 EST" name="loginSetup" finished-at="2023-11-08T23:34:34 EST" duration-ms="6097" status="PASS">
          <reporter-output>
          </reporter-output>
        </test-method> <!-- loginSetup -->
        <test-method signature="verifyLoginWithInValidPassword()[pri:3, instance:com.tutorialsninja_Nov04_TestCase.LoginTest_Dummy@5aa9e4eb]" started-at="2023-11-08T23:34:34 EST" name="verifyLoginWithInValidPassword" finished-at="2023-11-08T23:34:35 EST" duration-ms="871" status="PASS">
          <reporter-output>
          </reporter-output>
        </test-method> <!-- verifyLoginWithInValidPassword -->
        <test-method is-config="true" signature="closeBrowser()[pri:0, instance:com.tutorialsninja_Nov04_TestCase.LoginTest_Dummy@5aa9e4eb]" started-at="2023-11-08T23:34:35 EST" name="closeBrowser" finished-at="2023-11-08T23:34:35 EST" duration-ms="240" status="PASS">
          <reporter-output>
          </reporter-output>
        </test-method> <!-- closeBrowser -->
        <test-method is-config="true" signature="loginSetup()[pri:0, instance:com.tutorialsninja_Nov04_TestCase.LoginTest_Dummy@5aa9e4eb]" started-at="2023-11-08T23:34:35 EST" name="loginSetup" finished-at="2023-11-08T23:34:41 EST" duration-ms="6510" status="PASS">
          <reporter-output>
          </reporter-output>
        </test-method> <!-- loginSetup -->
        <test-method signature="verifyLoginWithInValidEmailAndValidPassWord()[pri:4, instance:com.tutorialsninja_Nov04_TestCase.LoginTest_Dummy@5aa9e4eb]" started-at="2023-11-08T23:34:41 EST" name="verifyLoginWithInValidEmailAndValidPassWord" finished-at="2023-11-08T23:34:42 EST" duration-ms="962" status="PASS">
          <reporter-output>
          </reporter-output>
        </test-method> <!-- verifyLoginWithInValidEmailAndValidPassWord -->
        <test-method is-config="true" signature="closeBrowser()[pri:0, instance:com.tutorialsninja_Nov04_TestCase.LoginTest_Dummy@5aa9e4eb]" started-at="2023-11-08T23:34:42 EST" name="closeBrowser" finished-at="2023-11-08T23:34:43 EST" duration-ms="220" status="PASS">
          <reporter-output>
          </reporter-output>
        </test-method> <!-- closeBrowser -->
      </class> <!-- com.tutorialsninja_Nov04_TestCase.LoginTest_Dummy -->
    </test> <!-- Test -->
  </suite> <!-- Suite -->
</testng-results>
